{"body":"{\"Event\":{\"xmlns\":\"http://schemas.microsoft.com/win/2004/08/events/event\",\"System\":{\"Provider\":{\"Name\":\"Microsoft-Windows-ActiveDirectory_DomainService\",\"Guid\":\"{0e8478c5-3605-4e8c-8497-1e730c959516}\",\"EventSourceName\":\"NTDS General\"},\"EventID\":{\"text\":\"1644\",\"Qualifiers\":\"16384\"},\"Version\":\"0\",\"Level\":\"4\",\"Task\":\"15\",\"Opcode\":\"0\",\"Keywords\":\"0x8080000000000000\",\"TimeCreated\":{\"SystemTime\":\"2022-03-28T14:47:27.853914600Z\"},\"EventRecordID\":\"3027338\",\"Correlation\":null,\"Execution\":{\"ProcessID\":\"704\",\"ThreadID\":\"1340\"},\"Channel\":\"Directory Service\",\"Computer\":\"DC4-W16.testlab.esc\",\"Security\":{\"UserID\":\"S-1-5-21-1129291328-2819992169-918366777-1118\"}},\"EventData\":{\"Data\":[\"CN=409,CN=DisplaySpecifiers,CN=Configuration,DC=testlab,DC=esc\",\" (objectClass=displaySpecifier) \",\"56\",\"55\",\"172.16.222.132:63691\",\"onelevel\",\"[all]\",null,\"PDNT_index:56:N;\",\"1407\",\"21\",\"0\",\"0\",\"0\",\"47\",\"none\",\"TESTLAB\\\\pushkin\"]},\"RenderingInfo\":{\"Culture\":\"en-US\",\"Message\":\"Internal event: A client issued a search operation with the following options. \\r\\n \\r\\nClient:\\r\\n172.16.222.132:63691 \\r\\nStarting node:\\r\\nCN=409,CN=DisplaySpecifiers,CN=Configuration,DC=testlab,DC=esc \\r\\nFilter:\\r\\n (objectClass=displaySpecifier)  \\r\\nSearch scope:\\r\\nonelevel \\r\\nAttribute selection:\\r\\n[all] \\r\\nServer controls:\\r\\n \\r\\nVisited entries:\\r\\n56 \\r\\nReturned entries:\\r\\n55 \\r\\nUsed indexes:\\r\\nPDNT_index:56:N; \\r\\nPages referenced:\\r\\n1407 \\r\\nPages read from disk:\\r\\n21 \\r\\nPages preread from disk:\\r\\n0 \\r\\nClean pages modified:\\r\\n0 \\r\\nDirty pages modified:\\r\\n0 \\r\\nSearch time (ms):\\r\\n47 \\r\\nAttributes Preventing Optimization:\\r\\nnone \\r\\nUser:\\r\\nTESTLAB\\\\pushkin\",\"Level\":\"Information\",\"Task\":\"Field Engineering\",\"Opcode\":null,\"Channel\":null,\"Provider\":null,\"Keywords\":{\"Keyword\":\"Classic\"}}}}\r","recv_ipv4":"127.0.0.1","recv_time":"2022-03-28T18:20:45Z","task_id":"00000000-0000-0000-0000-000000000000","mime":"application/x-pt-eventlog","normalized":false,"input_id":"00000000-0000-0000-0000-000000000000","type":"raw","uuid":"17fe6ff9-bad0-45ca-a4f3-b1e84574970e"}
{"body":"{\"Event\":{\"xmlns\":\"http://schemas.microsoft.com/win/2004/08/events/event\",\"System\":{\"Provider\":{\"Name\":\"Microsoft-Windows-ActiveDirectory_DomainService\",\"Guid\":\"{0e8478c5-3605-4e8c-8497-1e730c959516}\",\"EventSourceName\":\"NTDS General\"},\"EventID\":{\"text\":\"1644\",\"Qualifiers\":\"16384\"},\"Version\":\"0\",\"Level\":\"4\",\"Task\":\"15\",\"Opcode\":\"0\",\"Keywords\":\"0x8080000000000000\",\"TimeCreated\":{\"SystemTime\":\"2022-03-28T14:47:27.618483400Z\"},\"EventRecordID\":\"3027336\",\"Correlation\":null,\"Execution\":{\"ProcessID\":\"704\",\"ThreadID\":\"1340\"},\"Channel\":\"Directory Service\",\"Computer\":\"DC4-W16.testlab.esc\",\"Security\":{\"UserID\":\"S-1-5-21-1129291328-2819992169-918366777-1118\"}},\"EventData\":{\"Data\":[\"CN=Extended-Rights,CN=Configuration,DC=testlab,DC=esc\",\" (objectClass=controlAccessRight) \",\"143\",\"143\",\"172.16.222.132:63690\",\"onelevel\",\"[all]\",null,\"idx_objectClass:145:N;\",\"3423\",\"39\",\"0\",\"0\",\"0\",\"203\",\"none\",\"TESTLAB\\\\pushkin\"]},\"RenderingInfo\":{\"Culture\":\"en-US\",\"Message\":\"Internal event: A client issued a search operation with the following options. \\r\\n \\r\\nClient:\\r\\n172.16.222.132:63690 \\r\\nStarting node:\\r\\nCN=Extended-Rights,CN=Configuration,DC=testlab,DC=esc \\r\\nFilter:\\r\\n (objectClass=controlAccessRight)  \\r\\nSearch scope:\\r\\nonelevel \\r\\nAttribute selection:\\r\\n[all] \\r\\nServer controls:\\r\\n \\r\\nVisited entries:\\r\\n143 \\r\\nReturned entries:\\r\\n143 \\r\\nUsed indexes:\\r\\nidx_objectClass:145:N; \\r\\nPages referenced:\\r\\n3423 \\r\\nPages read from disk:\\r\\n39 \\r\\nPages preread from disk:\\r\\n0 \\r\\nClean pages modified:\\r\\n0 \\r\\nDirty pages modified:\\r\\n0 \\r\\nSearch time (ms):\\r\\n203 \\r\\nAttributes Preventing Optimization:\\r\\nnone \\r\\nUser:\\r\\nTESTLAB\\\\pushkin\",\"Level\":\"Information\",\"Task\":\"Field Engineering\",\"Opcode\":null,\"Channel\":null,\"Provider\":null,\"Keywords\":{\"Keyword\":\"Classic\"}}}}\r","recv_ipv4":"127.0.0.1","recv_time":"2022-03-28T18:20:45Z","task_id":"00000000-0000-0000-0000-000000000000","mime":"application/x-pt-eventlog","normalized":false,"input_id":"00000000-0000-0000-0000-000000000000","type":"raw","uuid":"b9154544-c954-4eb1-847b-73bcb20e9cbc"}
{"body":"{\"Event\":{\"xmlns\":\"http://schemas.microsoft.com/win/2004/08/events/event\",\"System\":{\"Provider\":{\"Name\":\"Microsoft-Windows-ActiveDirectory_DomainService\",\"Guid\":\"{0e8478c5-3605-4e8c-8497-1e730c959516}\",\"EventSourceName\":\"NTDS General\"},\"EventID\":{\"text\":\"1644\",\"Qualifiers\":\"16384\"},\"Version\":\"0\",\"Level\":\"4\",\"Task\":\"15\",\"Opcode\":\"0\",\"Keywords\":\"0x8080000000000000\",\"TimeCreated\":{\"SystemTime\":\"2022-03-28T14:47:25.722217400Z\"},\"EventRecordID\":\"3027335\",\"Correlation\":null,\"Execution\":{\"ProcessID\":\"704\",\"ThreadID\":\"1340\"},\"Channel\":\"Directory Service\",\"Computer\":\"DC4-W16.testlab.esc\",\"Security\":{\"UserID\":\"S-1-5-21-1129291328-2819992169-918366777-1118\"}},\"EventData\":{\"Data\":[\"CN=Schema,CN=Configuration,DC=testlab,DC=esc\",\" (objectClass=classSchema) \",\"583\",\"583\",\"172.16.222.132:63687\",\"onelevel\",\"[all]\",null,\"idx_objectClass:455:N;\",\"12846\",\"83\",\"1\",\"0\",\"0\",\"156\",\"none\",\"TESTLAB\\\\pushkin\"]},\"RenderingInfo\":{\"Culture\":\"en-US\",\"Message\":\"Internal event: A client issued a search operation with the following options. \\r\\n \\r\\nClient:\\r\\n172.16.222.132:63687 \\r\\nStarting node:\\r\\nCN=Schema,CN=Configuration,DC=testlab,DC=esc \\r\\nFilter:\\r\\n (objectClass=classSchema)  \\r\\nSearch scope:\\r\\nonelevel \\r\\nAttribute selection:\\r\\n[all] \\r\\nServer controls:\\r\\n \\r\\nVisited entries:\\r\\n583 \\r\\nReturned entries:\\r\\n583 \\r\\nUsed indexes:\\r\\nidx_objectClass:455:N; \\r\\nPages referenced:\\r\\n12846 \\r\\nPages read from disk:\\r\\n83 \\r\\nPages preread from disk:\\r\\n1 \\r\\nClean pages modified:\\r\\n0 \\r\\nDirty pages modified:\\r\\n0 \\r\\nSearch time (ms):\\r\\n156 \\r\\nAttributes Preventing Optimization:\\r\\nnone \\r\\nUser:\\r\\nTESTLAB\\\\pushkin\",\"Level\":\"Information\",\"Task\":\"Field Engineering\",\"Opcode\":null,\"Channel\":null,\"Provider\":null,\"Keywords\":{\"Keyword\":\"Classic\"}}}}\r","recv_ipv4":"127.0.0.1","recv_time":"2022-03-28T18:20:45Z","task_id":"00000000-0000-0000-0000-000000000000","mime":"application/x-pt-eventlog","normalized":false,"input_id":"00000000-0000-0000-0000-000000000000","type":"raw","uuid":"1239d8b0-e847-4135-b529-2aa28b6c1add"}
{"body":"{\"Event\":{\"xmlns\":\"http://schemas.microsoft.com/win/2004/08/events/event\",\"System\":{\"Provider\":{\"Name\":\"Microsoft-Windows-ActiveDirectory_DomainService\",\"Guid\":\"{0e8478c5-3605-4e8c-8497-1e730c959516}\",\"EventSourceName\":\"NTDS General\"},\"EventID\":{\"text\":\"1644\",\"Qualifiers\":\"16384\"},\"Version\":\"0\",\"Level\":\"4\",\"Task\":\"15\",\"Opcode\":\"0\",\"Keywords\":\"0x8080000000000000\",\"TimeCreated\":{\"SystemTime\":\"2022-03-28T14:47:23.600190800Z\"},\"EventRecordID\":\"3027334\",\"Correlation\":null,\"Execution\":{\"ProcessID\":\"704\",\"ThreadID\":\"6208\"},\"Channel\":\"Directory Service\",\"Computer\":\"DC4-W16.testlab.esc\",\"Security\":{\"UserID\":\"S-1-5-21-1129291328-2819992169-918366777-1118\"}},\"EventData\":{\"Data\":[\"CN=Schema,CN=Configuration,DC=testlab,DC=esc\",\" (objectClass=attributeSchema) \",\"1001\",\"1000\",\"172.16.222.132:63686\",\"onelevel\",\"[all]\",null,\"idx_objectClass:2752:N;\",\"22040\",\"211\",\"0\",\"0\",\"0\",\"797\",\"none\",\"TESTLAB\\\\pushkin\"]},\"RenderingInfo\":{\"Culture\":\"en-US\",\"Message\":\"Internal event: A client issued a search operation with the following options. \\r\\n \\r\\nClient:\\r\\n172.16.222.132:63686 \\r\\nStarting node:\\r\\nCN=Schema,CN=Configuration,DC=testlab,DC=esc \\r\\nFilter:\\r\\n (objectClass=attributeSchema)  \\r\\nSearch scope:\\r\\nonelevel \\r\\nAttribute selection:\\r\\n[all] \\r\\nServer controls:\\r\\n \\r\\nVisited entries:\\r\\n1001 \\r\\nReturned entries:\\r\\n1000 \\r\\nUsed indexes:\\r\\nidx_objectClass:2752:N; \\r\\nPages referenced:\\r\\n22040 \\r\\nPages read from disk:\\r\\n211 \\r\\nPages preread from disk:\\r\\n0 \\r\\nClean pages modified:\\r\\n0 \\r\\nDirty pages modified:\\r\\n0 \\r\\nSearch time (ms):\\r\\n797 \\r\\nAttributes Preventing Optimization:\\r\\nnone \\r\\nUser:\\r\\nTESTLAB\\\\pushkin\",\"Level\":\"Information\",\"Task\":\"Field Engineering\",\"Opcode\":null,\"Channel\":null,\"Provider\":null,\"Keywords\":{\"Keyword\":\"Classic\"}}}}","recv_ipv4":"127.0.0.1","recv_time":"2022-03-28T18:20:45Z","task_id":"00000000-0000-0000-0000-000000000000","mime":"application/x-pt-eventlog","normalized":false,"input_id":"00000000-0000-0000-0000-000000000000","type":"raw","uuid":"c961f3e8-fb02-482a-99f2-ef972f898417"}
